#-----------------------------------------------------------
# Webtalk v2015.4 (64-bit)
# SW Build 1412921 on Wed Nov 18 09:43:45 MST 2015
# 
# Start of session at: Wed Feb 10 22:15:31 2016
# Process ID: 12252
# Current directory: C:/pe/user/trtran/MicroblazeProject/Examples/mb-DMAboot/xsdk_worspace/webtalk
# Command line: wbtcv.exe -mode batch -source sdk_webtalk.tcl
# Log file: C:/pe/user/trtran/MicroblazeProject/Examples/mb-DMAboot/xsdk_worspace/webtalk/webtalk.log
# Journal file: C:/pe/user/trtran/MicroblazeProject/Examples/mb-DMAboot/xsdk_worspace/webtalk\webtalk.jou
#-----------------------------------------------------------
source sdk_webtalk.tcl
# webtalk_init -webtalk_dir C:\\pe\\user\\trtran\\MicroblazeProject\\Examples\\mb-DMAboot\\xsdk_worspace\\webtalk
# webtalk_register_client -client project
# webtalk_add_data -client project -key date_generated -value "Wed Feb 10 22:15:30 2016" -context "software_version_and_target_device"
# webtalk_add_data -client project -key product_version -value "SDK v2015.4" -context "software_version_and_target_device"
# webtalk_add_data -client project -key build_version -value "2015.4" -context "software_version_and_target_device"
# webtalk_add_data -client project -key os_platform -value "amd64" -context "software_version_and_target_device"
# webtalk_add_data -client project -key registration_id -value "" -context "software_version_and_target_device"
# webtalk_add_data -client project -key tool_flow -value "SDK" -context "software_version_and_target_device"
# webtalk_add_data -client project -key beta -value "false" -context "software_version_and_target_device"
# webtalk_add_data -client project -key route_design -value "NA" -context "software_version_and_target_device"
# webtalk_add_data -client project -key target_family -value "NA" -context "software_version_and_target_device"
# webtalk_add_data -client project -key target_device -value "NA" -context "software_version_and_target_device"
# webtalk_add_data -client project -key target_package -value "NA" -context "software_version_and_target_device"
# webtalk_add_data -client project -key target_speed -value "NA" -context "software_version_and_target_device"
# webtalk_add_data -client project -key random_id -value "i4itvh30krj4kk7b5ruf2pd51j" -context "software_version_and_target_device"
# webtalk_add_data -client project -key project_id -value "2015.4_1" -context "software_version_and_target_device"
# webtalk_add_data -client project -key project_iteration -value "1" -context "software_version_and_target_device"
# webtalk_add_data -client project -key os_name -value "" -context "user_environment"
# webtalk_add_data -client project -key os_release -value "" -context "user_environment"
# webtalk_add_data -client project -key cpu_name -value "" -context "user_environment"
# webtalk_add_data -client project -key cpu_speed -value "" -context "user_environment"
# webtalk_add_data -client project -key total_processors -value "" -context "user_environment"
# webtalk_add_data -client project -key system_ram -value "" -context "user_environment"
# webtalk_register_client -client sdk
# webtalk_add_data -client sdk -key uid -value "1455171103283" -context "sdk\\\\hardware/1455171103283"
# webtalk_add_data -client sdk -key isZynq -value "false" -context "sdk\\\\hardware/1455171103283"
# webtalk_add_data -client sdk -key Processors -value "1" -context "sdk\\\\hardware/1455171103283"
# webtalk_add_data -client sdk -key VivadoVersion -value "2014.4_AR65813_AR64601_AR63880_AR63479_AR62969_(AR63524_AR64594)" -context "sdk\\\\hardware/1455171103283"
# webtalk_add_data -client sdk -key Arch -value "kintex7" -context "sdk\\\\hardware/1455171103283"
# webtalk_add_data -client sdk -key Device -value "7k410t" -context "sdk\\\\hardware/1455171103283"
# webtalk_add_data -client sdk -key IsHandoff -value "true" -context "sdk\\\\hardware/1455171103283"
# webtalk_add_data -client sdk -key uid -value "1455171149348" -context "sdk\\\\bsp/1455171149348"
# webtalk_add_data -client sdk -key hwid -value "1455171103283" -context "sdk\\\\bsp/1455171149348"
# webtalk_add_data -client sdk -key os -value "standalone" -context "sdk\\\\bsp/1455171149348"
# webtalk_add_data -client sdk -key apptemplate -value "hello_world" -context "sdk\\\\bsp/1455171149348"
# webtalk_add_data -client sdk -key uid -value "1455171150796" -context "sdk\\\\application/1455171150796"
# webtalk_add_data -client sdk -key hwid -value "1455171103283" -context "sdk\\\\application/1455171150796"
# webtalk_add_data -client sdk -key bspid -value "1455171149348" -context "sdk\\\\application/1455171150796"
# webtalk_add_data -client sdk -key newbsp -value "true" -context "sdk\\\\application/1455171150796"
# webtalk_add_data -client sdk -key os -value "standalone" -context "sdk\\\\application/1455171150796"
# webtalk_add_data -client sdk -key apptemplate -value "hello_world" -context "sdk\\\\application/1455171150796"
# webtalk_transmit -clientid 3786476748 -regid "" -xml C:\\pe\\user\\trtran\\MicroblazeProject\\Examples\\mb-DMAboot\\xsdk_worspace\\webtalk\\usage_statistics_ext_sdk.xml -html C:\\pe\\user\\trtran\\MicroblazeProject\\Examples\\mb-DMAboot\\xsdk_worspace\\webtalk\\usage_statistics_ext_sdk.html -wdm C:\\pe\\user\\trtran\\MicroblazeProject\\Examples\\mb-DMAboot\\xsdk_worspace\\webtalk\\sdk_webtalk.wdm -intro "<H3>SDK Usage Report</H3><BR>"

    while executing
"webtalk_transmit -clientid 3786476748 -regid "" -xml C:\\pe\\user\\trtran\\MicroblazeProject\\Examples\\mb-DMAboot\\xsdk_worspace\\webtalk\\usage_stat..."
    (file "sdk_webtalk.tcl" line 42)
INFO: [Common 17-206] Exiting Webtalk at Wed Feb 10 22:15:32 2016...
